<?xml version="1.0" encoding="UTF-8"?>
<!-- Generated by org.testng.reporters.JUnitXMLReporter -->
<testsuite ignored="0" hostname="DESKTOP-9P5T93S" failures="2" tests="4" name="Regression" time="92.484" errors="0" timestamp="2021-03-01T19:25:25 CST">
  <testcase classname="qaAcademy.DataProviderLoginTest" name="differentUserLogin" time="15.523"/>
  <testcase classname="qaAcademy.DataProviderLoginTest" name="differentUserLogin" time="3.31"/>
  <testcase classname="qaAcademy.LoginTest" name="contactUsPageNavigation" time="0.114">
    <failure type="org.openqa.selenium.ElementClickInterceptedException" message="Element &amp;lt;span&amp;gt; is not clickable at point (1889,16) because another element &amp;lt;div class=&amp;quot;listbuilder-popup-content&amp;quot;&amp;gt; obscures it
Build info: version: &amp;apos;3.141.59&amp;apos;, revision: &amp;apos;e82be7d358&amp;apos;, time: &amp;apos;2018-11-14T08:17:03&amp;apos;
System info: host: &amp;apos;DESKTOP-9P5T93S&amp;apos;, ip: &amp;apos;192.168.1.197&amp;apos;, os.name: &amp;apos;Windows 10&amp;apos;, os.arch: &amp;apos;amd64&amp;apos;, os.version: &amp;apos;10.0&amp;apos;, java.version: &amp;apos;15.0.1&amp;apos;
Driver info: org.openqa.selenium.firefox.FirefoxDriver
Capabilities {acceptInsecureCerts: true, browserName: firefox, browserVersion: 85.0.2, javascriptEnabled: true, moz:accessibilityChecks: false, moz:buildID: 20210208133944, moz:geckodriverVersion: 0.29.0, moz:headless: false, moz:processID: 19168, moz:profile: C:\Users\admin\AppData\Loca..., moz:shutdownTimeout: 60000, moz:useNonSpecCompliantPointerOrigin: false, moz:webdriverClick: true, pageLoadStrategy: normal, platform: WINDOWS, platformName: WINDOWS, platformVersion: 10.0, rotatable: false, setWindowRect: true, strictFileInteractability: false, timeouts: {implicit: 0, pageLoad: 300000, script: 30000}, unhandledPromptBehavior: dismiss and notify}
Session ID: abcc3ad2-cd77-4011-ad16-45dc0ec24546">
      <![CDATA[org.openqa.selenium.ElementClickInterceptedException: Element <span> is not clickable at point (1889,16) because another element <div class="listbuilder-popup-content"> obscures it
Build info: version: '3.141.59', revision: 'e82be7d358', time: '2018-11-14T08:17:03'
System info: host: 'DESKTOP-9P5T93S', ip: '192.168.1.197', os.name: 'Windows 10', os.arch: 'amd64', os.version: '10.0', java.version: '15.0.1'
Driver info: org.openqa.selenium.firefox.FirefoxDriver
Capabilities {acceptInsecureCerts: true, browserName: firefox, browserVersion: 85.0.2, javascriptEnabled: true, moz:accessibilityChecks: false, moz:buildID: 20210208133944, moz:geckodriverVersion: 0.29.0, moz:headless: false, moz:processID: 19168, moz:profile: C:\Users\admin\AppData\Loca..., moz:shutdownTimeout: 60000, moz:useNonSpecCompliantPointerOrigin: false, moz:webdriverClick: true, pageLoadStrategy: normal, platform: WINDOWS, platformName: WINDOWS, platformVersion: 10.0, rotatable: false, setWindowRect: true, strictFileInteractability: false, timeouts: {implicit: 0, pageLoad: 300000, script: 30000}, unhandledPromptBehavior: dismiss and notify}
Session ID: abcc3ad2-cd77-4011-ad16-45dc0ec24546
at org.openqa.selenium.remote.http.W3CHttpResponseCodec.createException(W3CHttpResponseCodec.java:187)
at org.openqa.selenium.remote.http.W3CHttpResponseCodec.decode(W3CHttpResponseCodec.java:122)
at org.openqa.selenium.remote.http.W3CHttpResponseCodec.decode(W3CHttpResponseCodec.java:49)
at org.openqa.selenium.remote.HttpCommandExecutor.execute(HttpCommandExecutor.java:158)
at org.openqa.selenium.remote.service.DriverCommandExecutor.execute(DriverCommandExecutor.java:83)
at org.openqa.selenium.remote.RemoteWebDriver.execute(RemoteWebDriver.java:552)
at org.openqa.selenium.remote.RemoteWebElement.execute(RemoteWebElement.java:285)
at org.openqa.selenium.remote.RemoteWebElement.click(RemoteWebElement.java:84)
at org.openqa.selenium.support.pagefactory.internal.LocatingElementHandler.invoke(LocatingElementHandler.java:51)
at com.sun.proxy.$Proxy13.click(Unknown Source)
at qaAcademy.LoginTest.contactUsPageNavigation(LoginTest.java:31)
at java.base/java.util.ArrayList.forEach(ArrayList.java:1511)
... Removed 36 stack frames]]>
    </failure>
  </testcase> <!-- contactUsPageNavigation -->
  <testcase classname="qaAcademy.PracticePageTest" name="navigatePractice" time="0.095">
    <failure type="org.openqa.selenium.ElementClickInterceptedException" message="Element &amp;lt;a href=&amp;quot;https://www.rahulshettyacademy.com/AutomationPractice&amp;quot;&amp;gt; is not clickable at point (1302,74) because another element &amp;lt;div class=&amp;quot;listbuilder-popup-content&amp;quot;&amp;gt; obscures it
Build info: version: &amp;apos;3.141.59&amp;apos;, revision: &amp;apos;e82be7d358&amp;apos;, time: &amp;apos;2018-11-14T08:17:03&amp;apos;
System info: host: &amp;apos;DESKTOP-9P5T93S&amp;apos;, ip: &amp;apos;192.168.1.197&amp;apos;, os.name: &amp;apos;Windows 10&amp;apos;, os.arch: &amp;apos;amd64&amp;apos;, os.version: &amp;apos;10.0&amp;apos;, java.version: &amp;apos;15.0.1&amp;apos;
Driver info: org.openqa.selenium.firefox.FirefoxDriver
Capabilities {acceptInsecureCerts: true, browserName: firefox, browserVersion: 85.0.2, javascriptEnabled: true, moz:accessibilityChecks: false, moz:buildID: 20210208133944, moz:geckodriverVersion: 0.29.0, moz:headless: false, moz:processID: 18816, moz:profile: C:\Users\admin\AppData\Loca..., moz:shutdownTimeout: 60000, moz:useNonSpecCompliantPointerOrigin: false, moz:webdriverClick: true, pageLoadStrategy: normal, platform: WINDOWS, platformName: WINDOWS, platformVersion: 10.0, rotatable: false, setWindowRect: true, strictFileInteractability: false, timeouts: {implicit: 0, pageLoad: 300000, script: 30000}, unhandledPromptBehavior: dismiss and notify}
Session ID: 1706cdfe-dba6-4ba0-a212-8a505042868e">
      <![CDATA[org.openqa.selenium.ElementClickInterceptedException: Element <a href="https://www.rahulshettyacademy.com/AutomationPractice"> is not clickable at point (1302,74) because another element <div class="listbuilder-popup-content"> obscures it
Build info: version: '3.141.59', revision: 'e82be7d358', time: '2018-11-14T08:17:03'
System info: host: 'DESKTOP-9P5T93S', ip: '192.168.1.197', os.name: 'Windows 10', os.arch: 'amd64', os.version: '10.0', java.version: '15.0.1'
Driver info: org.openqa.selenium.firefox.FirefoxDriver
Capabilities {acceptInsecureCerts: true, browserName: firefox, browserVersion: 85.0.2, javascriptEnabled: true, moz:accessibilityChecks: false, moz:buildID: 20210208133944, moz:geckodriverVersion: 0.29.0, moz:headless: false, moz:processID: 18816, moz:profile: C:\Users\admin\AppData\Loca..., moz:shutdownTimeout: 60000, moz:useNonSpecCompliantPointerOrigin: false, moz:webdriverClick: true, pageLoadStrategy: normal, platform: WINDOWS, platformName: WINDOWS, platformVersion: 10.0, rotatable: false, setWindowRect: true, strictFileInteractability: false, timeouts: {implicit: 0, pageLoad: 300000, script: 30000}, unhandledPromptBehavior: dismiss and notify}
Session ID: 1706cdfe-dba6-4ba0-a212-8a505042868e
at org.openqa.selenium.remote.http.W3CHttpResponseCodec.createException(W3CHttpResponseCodec.java:187)
at org.openqa.selenium.remote.http.W3CHttpResponseCodec.decode(W3CHttpResponseCodec.java:122)
at org.openqa.selenium.remote.http.W3CHttpResponseCodec.decode(W3CHttpResponseCodec.java:49)
at org.openqa.selenium.remote.HttpCommandExecutor.execute(HttpCommandExecutor.java:158)
at org.openqa.selenium.remote.service.DriverCommandExecutor.execute(DriverCommandExecutor.java:83)
at org.openqa.selenium.remote.RemoteWebDriver.execute(RemoteWebDriver.java:552)
at org.openqa.selenium.remote.RemoteWebElement.execute(RemoteWebElement.java:285)
at org.openqa.selenium.remote.RemoteWebElement.click(RemoteWebElement.java:84)
at org.openqa.selenium.support.pagefactory.internal.LocatingElementHandler.invoke(LocatingElementHandler.java:51)
at com.sun.proxy.$Proxy13.click(Unknown Source)
at qaAcademy.PracticePageTest.navigatePractice(PracticePageTest.java:30)
at java.base/java.util.ArrayList.forEach(ArrayList.java:1511)
... Removed 36 stack frames]]>
    </failure>
  </testcase> <!-- navigatePractice -->
</testsuite> <!-- Regression -->
