<?xml version="1.0" encoding="UTF-8"?>
<!-- Generated by org.testng.reporters.JUnitXMLReporter -->
<testsuite hostname="DESKTOP-9P5T93S" ignored="0" name="Validating multiple login users" tests="2" failures="0" timestamp="2021-04-07T20:15:59 CDT" time="28.979" errors="0">
  <testcase name="differentUserLogin" time="10.899" classname="qaAcademy.DataProviderLoginTest"/>
  <testcase name="differentUserLogin" time="4.932" classname="qaAcademy.DataProviderLoginTest"/>
</testsuite> <!-- Validating multiple login users -->
