<?xml version="1.0" encoding="UTF-8"?>
<!-- Generated by org.testng.reporters.JUnitXMLReporter -->
<testsuite hostname="DESKTOP-9P5T93S" ignored="0" name="Validating Home page title" tests="1" failures="1" timestamp="2021-04-07T20:16:11 CDT" time="11.018" errors="0">
  <testcase name="homePageNavigation" time="0.115" classname="qaAcademy.HomePageTest">
    <failure type="junit.framework.ComparisonFailure" message="expected:&amp;lt;FEATURED COURSES[]&amp;gt; but was:&amp;lt;FEATURED COURSES[123]&amp;gt;">
      <![CDATA[junit.framework.ComparisonFailure: expected:<FEATURED COURSES[]> but was:<FEATURED COURSES[123]>
at junit.framework.Assert.assertEquals(Assert.java:100)
at junit.framework.Assert.assertEquals(Assert.java:107)
at qaAcademy.HomePageTest.homePageNavigation(HomePageTest.java:40)
at java.util.ArrayList.forEach(ArrayList.java:1259)
... Removed 31 stack frames]]>
    </failure>
  </testcase> <!-- homePageNavigation -->
</testsuite> <!-- Validating Home page title -->
