<?xml version="1.0" encoding="UTF-8"?>
<testng-results skipped="0" failed="1" ignored="0" total="4" passed="3">
  <reporter-output>
  </reporter-output>
  <suite name="Suite" duration-ms="56951" started-at="2021-04-07T20:15:30 CDT" finished-at="2021-04-07T20:16:27 CDT">
    <groups>
    </groups>
    <test name="Validating multiple login users" duration-ms="28979" started-at="2021-04-07T20:15:30 CDT" finished-at="2021-04-07T20:15:59 CDT">
      <class name="qaAcademy.DataProviderLoginTest">
        <test-method status="PASS" signature="initialization()[pri:0, instance:qaAcademy.DataProviderLoginTest@659499f1]" name="initialization" is-config="true" duration-ms="11808" started-at="2021-04-07T20:15:30 CDT" finished-at="2021-04-07T20:15:41 CDT">
          <reporter-output>
          </reporter-output>
        </test-method> <!-- initialization -->
        <test-method status="PASS" signature="differentUserLogin(java.lang.String, java.lang.String, java.lang.String)[pri:0, instance:qaAcademy.DataProviderLoginTest@659499f1]" name="differentUserLogin" duration-ms="10899" started-at="2021-04-07T20:15:42 CDT" data-provider="loginData" finished-at="2021-04-07T20:15:52 CDT">
          <params>
            <param index="0">
              <value>
                <![CDATA[restricteduser@gmail.com]]>
              </value>
            </param>
            <param index="1">
              <value>
                <![CDATA[123456]]>
              </value>
            </param>
            <param index="2">
              <value>
                <![CDATA[Restricted user]]>
              </value>
            </param>
          </params>
          <reporter-output>
          </reporter-output>
        </test-method> <!-- differentUserLogin -->
        <test-method status="PASS" signature="differentUserLogin(java.lang.String, java.lang.String, java.lang.String)[pri:0, instance:qaAcademy.DataProviderLoginTest@659499f1]" name="differentUserLogin" duration-ms="4932" started-at="2021-04-07T20:15:53 CDT" data-provider="loginData" finished-at="2021-04-07T20:15:57 CDT">
          <params>
            <param index="0">
              <value>
                <![CDATA[nonrestricteduser@gmail.com]]>
              </value>
            </param>
            <param index="1">
              <value>
                <![CDATA[12345]]>
              </value>
            </param>
            <param index="2">
              <value>
                <![CDATA[Non restricted user]]>
              </value>
            </param>
          </params>
          <reporter-output>
          </reporter-output>
        </test-method> <!-- differentUserLogin -->
        <test-method status="PASS" signature="tearDown()[pri:0, instance:qaAcademy.DataProviderLoginTest@659499f1]" name="tearDown" is-config="true" duration-ms="1169" started-at="2021-04-07T20:15:57 CDT" finished-at="2021-04-07T20:15:59 CDT">
          <reporter-output>
          </reporter-output>
        </test-method> <!-- tearDown -->
      </class> <!-- qaAcademy.DataProviderLoginTest -->
    </test> <!-- Validating multiple login users -->
    <test name="Validating Home page title" duration-ms="11018" started-at="2021-04-07T20:16:00 CDT" finished-at="2021-04-07T20:16:11 CDT">
      <class name="qaAcademy.HomePageTest">
        <test-method status="PASS" signature="initialization()[pri:0, instance:qaAcademy.HomePageTest@242b836]" name="initialization" is-config="true" duration-ms="7861" started-at="2021-04-07T20:16:00 CDT" finished-at="2021-04-07T20:16:07 CDT">
          <reporter-output>
          </reporter-output>
        </test-method> <!-- initialization -->
        <test-method status="FAIL" signature="homePageNavigation()[pri:0, instance:qaAcademy.HomePageTest@242b836]" name="homePageNavigation" duration-ms="115" started-at="2021-04-07T20:16:07 CDT" finished-at="2021-04-07T20:16:08 CDT">
          <exception class="junit.framework.ComparisonFailure">
            <message>
              <![CDATA[expected:<FEATURED COURSES[]> but was:<FEATURED COURSES[123]>]]>
            </message>
            <full-stacktrace>
              <![CDATA[junit.framework.ComparisonFailure: expected:<FEATURED COURSES[]> but was:<FEATURED COURSES[123]>
at junit.framework.Assert.assertEquals(Assert.java:100)
at junit.framework.Assert.assertEquals(Assert.java:107)
at qaAcademy.HomePageTest.homePageNavigation(HomePageTest.java:40)
at sun.reflect.NativeMethodAccessorImpl.invoke0(Native Method)
at sun.reflect.NativeMethodAccessorImpl.invoke(NativeMethodAccessorImpl.java:62)
at sun.reflect.DelegatingMethodAccessorImpl.invoke(DelegatingMethodAccessorImpl.java:43)
at java.lang.reflect.Method.invoke(Method.java:498)
at org.testng.internal.MethodInvocationHelper.invokeMethod(MethodInvocationHelper.java:132)
at org.testng.internal.TestInvoker.invokeMethod(TestInvoker.java:599)
at org.testng.internal.TestInvoker.invokeTestMethod(TestInvoker.java:174)
at org.testng.internal.MethodRunner.runInSequence(MethodRunner.java:46)
at org.testng.internal.TestInvoker$MethodInvocationAgent.invoke(TestInvoker.java:822)
at org.testng.internal.TestInvoker.invokeTestMethods(TestInvoker.java:147)
at org.testng.internal.TestMethodWorker.invokeTestMethods(TestMethodWorker.java:146)
at org.testng.internal.TestMethodWorker.run(TestMethodWorker.java:128)
at java.util.ArrayList.forEach(ArrayList.java:1259)
at org.testng.TestRunner.privateRun(TestRunner.java:764)
at org.testng.TestRunner.run(TestRunner.java:585)
at org.testng.SuiteRunner.runTest(SuiteRunner.java:384)
at org.testng.SuiteRunner.runSequentially(SuiteRunner.java:378)
at org.testng.SuiteRunner.privateRun(SuiteRunner.java:337)
at org.testng.SuiteRunner.run(SuiteRunner.java:286)
at org.testng.SuiteRunnerWorker.runSuite(SuiteRunnerWorker.java:53)
at org.testng.SuiteRunnerWorker.run(SuiteRunnerWorker.java:96)
at org.testng.TestNG.runSuitesSequentially(TestNG.java:1218)
at org.testng.TestNG.runSuitesLocally(TestNG.java:1140)
at org.testng.TestNG.runSuites(TestNG.java:1069)
at org.testng.TestNG.run(TestNG.java:1037)
at org.apache.maven.surefire.testng.TestNGExecutor.run(TestNGExecutor.java:284)
at org.apache.maven.surefire.testng.TestNGXmlTestSuite.execute(TestNGXmlTestSuite.java:75)
at org.apache.maven.surefire.testng.TestNGProvider.invoke(TestNGProvider.java:119)
at org.apache.maven.surefire.booter.ForkedBooter.runSuitesInProcess(ForkedBooter.java:428)
at org.apache.maven.surefire.booter.ForkedBooter.execute(ForkedBooter.java:162)
at org.apache.maven.surefire.booter.ForkedBooter.run(ForkedBooter.java:562)
at org.apache.maven.surefire.booter.ForkedBooter.main(ForkedBooter.java:548)
]]>
            </full-stacktrace>
          </exception> <!-- junit.framework.ComparisonFailure -->
          <reporter-output>
          </reporter-output>
        </test-method> <!-- homePageNavigation -->
        <test-method status="PASS" signature="tearDown()[pri:0, instance:qaAcademy.HomePageTest@242b836]" name="tearDown" is-config="true" duration-ms="2063" started-at="2021-04-07T20:16:09 CDT" finished-at="2021-04-07T20:16:11 CDT">
          <reporter-output>
          </reporter-output>
        </test-method> <!-- tearDown -->
      </class> <!-- qaAcademy.HomePageTest -->
    </test> <!-- Validating Home page title -->
    <test name="Validating practice page" duration-ms="15883" started-at="2021-04-07T20:16:11 CDT" finished-at="2021-04-07T20:16:27 CDT">
      <class name="qaAcademy.PracticePageTest">
        <test-method status="PASS" signature="initialization()[pri:0, instance:qaAcademy.PracticePageTest@4f80542f]" name="initialization" is-config="true" duration-ms="7898" started-at="2021-04-07T20:16:11 CDT" finished-at="2021-04-07T20:16:19 CDT">
          <reporter-output>
          </reporter-output>
        </test-method> <!-- initialization -->
        <test-method status="PASS" signature="navigatePractice()[pri:0, instance:qaAcademy.PracticePageTest@4f80542f]" name="navigatePractice" duration-ms="6756" started-at="2021-04-07T20:16:19 CDT" finished-at="2021-04-07T20:16:25 CDT">
          <reporter-output>
          </reporter-output>
        </test-method> <!-- navigatePractice -->
        <test-method status="PASS" signature="tearDown()[pri:0, instance:qaAcademy.PracticePageTest@4f80542f]" name="tearDown" is-config="true" duration-ms="1226" started-at="2021-04-07T20:16:25 CDT" finished-at="2021-04-07T20:16:27 CDT">
          <reporter-output>
          </reporter-output>
        </test-method> <!-- tearDown -->
      </class> <!-- qaAcademy.PracticePageTest -->
    </test> <!-- Validating practice page -->
  </suite> <!-- Suite -->
</testng-results>
