-------------------------------------------------------------------------------
Test set: TestSuite
-------------------------------------------------------------------------------
Tests run: 4, Failures: 1, Errors: 0, Skipped: 0, Time elapsed: 59.975 s <<< FAILURE! - in TestSuite
qaAcademy.HomePageTest.homePageNavigation  Time elapsed: 1.05 s  <<< FAILURE!
junit.framework.ComparisonFailure: expected:<FEATURED COURSES[]> but was:<FEATURED COURSES[123]>
	at qaAcademy.HomePageTest.homePageNavigation(HomePageTest.java:40)

