<?xml version="1.0" encoding="UTF-8"?>
<testsuite xmlns:xsi="http://www.w3.org/2001/XMLSchema-instance" xsi:noNamespaceSchemaLocation="https://maven.apache.org/surefire/maven-surefire-plugin/xsd/surefire-test-report-3.0.xsd" version="3.0" name="TestSuite" time="59.975" tests="4" errors="0" skipped="0" failures="1">
  <properties>
[...]
</properties>
  <testcase name="differentUserLogin[restricteduser@gmail.com, 123456, Restricted user](1)" classname="qaAcademy.DataProviderLoginTest" time="10.757">
    <system-out><![CDATA[Login link is clicked
Email id is provided
Password is provided
Login button is clicked
]]></system-out>
    <system-err><![CDATA[Starting ChromeDriver 88.0.4324.96 (68dba2d8a0b149a1d3afac56fa74648032bcf46b-refs/branch-heads/4324@{#1784}) on port 14033
Only local connections are allowed.
Please see https://chromedriver.chromium.org/security-considerations for suggestions on keeping ChromeDriver safe.
ChromeDriver was started successfully.
[1617844540.980][WARNING]: This version of ChromeDriver has not been tested with Chrome version 89.
Apr 07, 2021 8:15:41 PM org.openqa.selenium.remote.ProtocolHandshake createSession
INFO: Detected dialect: W3C
]]></system-err>
  </testcase>
  <testcase name="differentUserLogin[nonrestricteduser@gmail.com, 12345, Non restricted user](2)" classname="qaAcademy.DataProviderLoginTest" time="4.933">
    <system-out><![CDATA[Login link is clicked
Email id is provided
Password is provided
Login button is clicked
]]></system-out>
  </testcase>
  <testcase name="homePageNavigation" classname="qaAcademy.HomePageTest" time="1.05">
    <failure message="expected:&lt;FEATURED COURSES[]&gt; but was:&lt;FEATURED COURSES[123]&gt;" type="junit.framework.ComparisonFailure"><![CDATA[junit.framework.ComparisonFailure: expected:<FEATURED COURSES[]> but was:<FEATURED COURSES[123]>
	at qaAcademy.HomePageTest.homePageNavigation(HomePageTest.java:40)
]]></failure>
    <system-out><![CDATA[
]]></system-out>
    <system-err><![CDATA[Starting ChromeDriver 88.0.4324.96 (68dba2d8a0b149a1d3afac56fa74648032bcf46b-refs/branch-heads/4324@{#1784}) on port 41086
Only local connections are allowed.
Please see https://chromedriver.chromium.org/security-considerations for suggestions on keeping ChromeDriver safe.
ChromeDriver was started successfully.
[1617844561.772][WARNING]: This version of ChromeDriver has not been tested with Chrome version 89.
Apr 07, 2021 8:16:02 PM org.openqa.selenium.remote.ProtocolHandshake createSession
INFO: Detected dialect: W3C
]]></system-err>
  </testcase>
  <testcase name="navigatePractice" classname="qaAcademy.PracticePageTest" time="6.717">
    <system-out><![CDATA[Practice button is clicked
]]></system-out>
    <system-err><![CDATA[Starting ChromeDriver 88.0.4324.96 (68dba2d8a0b149a1d3afac56fa74648032bcf46b-refs/branch-heads/4324@{#1784}) on port 16984
Only local connections are allowed.
Please see https://chromedriver.chromium.org/security-considerations for suggestions on keeping ChromeDriver safe.
ChromeDriver was started successfully.
[1617844572.769][WARNING]: This version of ChromeDriver has not been tested with Chrome version 89.
Apr 07, 2021 8:16:12 PM org.openqa.selenium.remote.ProtocolHandshake createSession
INFO: Detected dialect: W3C
]]></system-err>
  </testcase>
</testsuite>